<?xml version="1.0" encoding="utf-8" ?>
<!DOCTYPE html PUBLIC "-//W3C//DTD XHTML 1.0 Strict//EN"
        "http://www.w3.org/TR/xhtml1/DTD/xhtml1-strict.dtd">
<html xmlns="http://www.w3.org/1999/xhtml" xml:lang="" lang="">
<head>
  <title>Test Results Report - Sanity Test</title>
  <meta http-equiv="Content-Type" content="text/html;charset=utf-8" />
  <meta name="description" content="TestNG unit test results." />
  <link href="reportng.css" rel="stylesheet" type="text/css" />
    <script type="text/javascript" src="reportng.js"></script>
</head>
<body>
<h1>Sanity Test</h1>
<p>
  Test duration: 57.287s
</p>



  <table class="resultsTable">
    <tr><th colspan="3" class="header failed">Failed Tests</th></tr>
          <tr>
        <td colspan="3" class="group">com.tutorialsninja.testsuite.DesktopsPageTest</td>
      </tr>
            
<tr>
  <td class="method">
                  verifyProductArrangeInAlphabeticalOrder
      </td>
  <td class="duration">
    2.395s
  </td>
  <td class="result">
        
    
            <div class="testOutput">
                        Click on desktop [[ChromeDriver: chrome on WINDOWS (bc204dc37abfbacd5d01e4f1a87b36c9)] -> link text: Desktops]
                                Select Show AllDesktops from [[[ChromeDriver: chrome on WINDOWS (bc204dc37abfbacd5d01e4f1a87b36c9)] -> xpath: //nav[@id='menu']//ul/li[contains(@class, 'open')]/div/child::*], [[ChromeDriver: chrome on WINDOWS (bc204dc37abfbacd5d01e4f1a87b36c9)] -> xpath: //nav[@id='menu']//ul/li[contains(@class, 'open')]/div/child::*]]
                                Select £ Pound Sterling from [[[ChromeDriver: chrome on WINDOWS (bc204dc37abfbacd5d01e4f1a87b36c9)] -> xpath: //ul[@class = 'dropdown-menu']/li], [[ChromeDriver: chrome on WINDOWS (bc204dc37abfbacd5d01e4f1a87b36c9)] -> xpath: //ul[@class = 'dropdown-menu']/li], [[ChromeDriver: chrome on WINDOWS (bc204dc37abfbacd5d01e4f1a87b36c9)] -> xpath: //ul[@class = 'dropdown-menu']/li]]
                                Select option from [[[ChromeDriver: chrome on WINDOWS (bc204dc37abfbacd5d01e4f1a87b36c9)] -> xpath: //h4/a], [[ChromeDriver: chrome on WINDOWS (bc204dc37abfbacd5d01e4f1a87b36c9)] -> xpath: //h4/a], [[ChromeDriver: chrome on WINDOWS (bc204dc37abfbacd5d01e4f1a87b36c9)] -> xpath: //h4/a], [[ChromeDriver: chrome on WINDOWS (bc204dc37abfbacd5d01e4f1a87b36c9)] -> xpath: //h4/a], [[ChromeDriver: chrome on WINDOWS (bc204dc37abfbacd5d01e4f1a87b36c9)] -> xpath: //h4/a], [[ChromeDriver: chrome on WINDOWS (bc204dc37abfbacd5d01e4f1a87b36c9)] -> xpath: //h4/a], [[ChromeDriver: chrome on WINDOWS (bc204dc37abfbacd5d01e4f1a87b36c9)] -> xpath: //h4/a], [[ChromeDriver: chrome on WINDOWS (bc204dc37abfbacd5d01e4f1a87b36c9)] -> xpath: //h4/a], [[ChromeDriver: chrome on WINDOWS (bc204dc37abfbacd5d01e4f1a87b36c9)] -> xpath: //h4/a], [[ChromeDriver: chrome on WINDOWS (bc204dc37abfbacd5d01e4f1a87b36c9)] -> xpath: //h4/a], [[ChromeDriver: chrome on WINDOWS (bc204dc37abfbacd5d01e4f1a87b36c9)] -> xpath: //h4/a], [[ChromeDriver: chrome on WINDOWS (bc204dc37abfbacd5d01e4f1a87b36c9)] -> xpath: //h4/a]]
                                Select Name (Z - A)to sort by [[ChromeDriver: chrome on WINDOWS (bc204dc37abfbacd5d01e4f1a87b36c9)] -> id: input-sort]
                                Select option from [[[ChromeDriver: chrome on WINDOWS (bc204dc37abfbacd5d01e4f1a87b36c9)] -> xpath: //h4/a], [[ChromeDriver: chrome on WINDOWS (bc204dc37abfbacd5d01e4f1a87b36c9)] -> xpath: //h4/a], [[ChromeDriver: chrome on WINDOWS (bc204dc37abfbacd5d01e4f1a87b36c9)] -> xpath: //h4/a], [[ChromeDriver: chrome on WINDOWS (bc204dc37abfbacd5d01e4f1a87b36c9)] -> xpath: //h4/a], [[ChromeDriver: chrome on WINDOWS (bc204dc37abfbacd5d01e4f1a87b36c9)] -> xpath: //h4/a], [[ChromeDriver: chrome on WINDOWS (bc204dc37abfbacd5d01e4f1a87b36c9)] -> xpath: //h4/a], [[ChromeDriver: chrome on WINDOWS (bc204dc37abfbacd5d01e4f1a87b36c9)] -> xpath: //h4/a], [[ChromeDriver: chrome on WINDOWS (bc204dc37abfbacd5d01e4f1a87b36c9)] -> xpath: //h4/a], [[ChromeDriver: chrome on WINDOWS (bc204dc37abfbacd5d01e4f1a87b36c9)] -> xpath: //h4/a], [[ChromeDriver: chrome on WINDOWS (bc204dc37abfbacd5d01e4f1a87b36c9)] -> xpath: //h4/a], [[ChromeDriver: chrome on WINDOWS (bc204dc37abfbacd5d01e4f1a87b36c9)] -> xpath: //h4/a], [[ChromeDriver: chrome on WINDOWS (bc204dc37abfbacd5d01e4f1a87b36c9)] -> xpath: //h4/a]]
                                Click to see screenshot
                                <a target = "_blank" href=C:\Users\neetg\IdeaProjects\com-tutorialsninja-sw-05/test-output/html/verifyProductArrangeInAlphabeticalOrderTue_May_09_21_19_56_BST_2023.jpg>Screenshot</a>
                                <br>
                                <br>
                                <a target = "_blank" href=C:\Users\neetg\IdeaProjects\com-tutorialsninja-sw-05/test-output/html/verifyProductArrangeInAlphabeticalOrderTue_May_09_21_19_56_BST_2023.jpg><img src=C:\Users\neetg\IdeaProjects\com-tutorialsninja-sw-05/test-output/html/verifyProductArrangeInAlphabeticalOrderTue_May_09_21_19_56_BST_2023.jpg height=200 width=200></img></a>
                  </div>
    

        <a href="javascript:toggleElement('exception-0', 'block')" title="Click to expand/collapse"><b>org.openqa.selenium.StaleElementReferenceException: stale element reference: element is not attached to the page document<br/>
&nbsp; (Session info: chrome=112.0.5615.138)<br/>
For documentation on this error, please visit: https://selenium.dev/exceptions/#stale_element_reference<br/>
Build info: version: &apos;4.9.0&apos;, revision: &apos;d7057100a6&apos;<br/>
System info: os.name: &apos;Windows 10&apos;, os.arch: &apos;amd64&apos;, os.version: &apos;10.0&apos;, java.version: &apos;1.8.0_121&apos;<br/>
Driver info: org.openqa.selenium.chrome.ChromeDriver<br/>
Command: [bc204dc37abfbacd5d01e4f1a87b36c9, getElementText {id=b67081d5-027e-42c8-a108-cb88ea3c1959}]<br/>
Capabilities {acceptInsecureCerts: false, browserName: chrome, browserVersion: 112.0.5615.138, chrome: {chromedriverVersion: 112.0.5615.49 (bd2a7bcb881c..., userDataDir: C:\Users\neetg\AppData\Loca...}, goog:chromeOptions: {debuggerAddress: localhost:50724}, networkConnectionEnabled: false, pageLoadStrategy: normal, platformName: WINDOWS, proxy: Proxy(), se:cdp: ws://localhost:50724/devtoo..., se:cdpVersion: 112.0.5615.138, setWindowRect: true, strictFileInteractability: false, timeouts: {implicit: 0, pageLoad: 300000, script: 30000}, unhandledPromptBehavior: dismiss and notify, webauthn:extension:credBlob: true, webauthn:extension:largeBlob: true, webauthn:extension:minPinLength: true, webauthn:extension:prf: true, webauthn:virtualAuthenticators: true}<br/>
Element: [[ChromeDriver: chrome on WINDOWS (bc204dc37abfbacd5d01e4f1a87b36c9)] -&gt; xpath: //h4/a]<br/>
Session ID: bc204dc37abfbacd5d01e4f1a87b36c9</b></a><br />
    <div class="stackTrace" id="exception-0">
              sun.reflect.NativeConstructorAccessorImpl.newInstance0(Native Method)<br />
              sun.reflect.NativeConstructorAccessorImpl.newInstance(NativeConstructorAccessorImpl.java:62)<br />
              sun.reflect.DelegatingConstructorAccessorImpl.newInstance(DelegatingConstructorAccessorImpl.java:45)<br />
              java.lang.reflect.Constructor.newInstance(Constructor.java:423)<br />
              org.openqa.selenium.remote.codec.w3c.W3CHttpResponseCodec.createException(W3CHttpResponseCodec.java:200)<br />
              org.openqa.selenium.remote.codec.w3c.W3CHttpResponseCodec.decode(W3CHttpResponseCodec.java:133)<br />
              org.openqa.selenium.remote.codec.w3c.W3CHttpResponseCodec.decode(W3CHttpResponseCodec.java:53)<br />
              org.openqa.selenium.remote.HttpCommandExecutor.execute(HttpCommandExecutor.java:193)<br />
              org.openqa.selenium.remote.service.DriverCommandExecutor.invokeExecute(DriverCommandExecutor.java:183)<br />
              org.openqa.selenium.remote.service.DriverCommandExecutor.execute(DriverCommandExecutor.java:158)<br />
              org.openqa.selenium.remote.RemoteWebDriver.execute(RemoteWebDriver.java:543)<br />
              org.openqa.selenium.remote.RemoteWebElement.execute(RemoteWebElement.java:257)<br />
              org.openqa.selenium.remote.RemoteWebElement.getText(RemoteWebElement.java:207)<br />
              com.tutorialsninja.pages.DesktopPage.getProductsNameList(DesktopPage.java:36)<br />
              com.tutorialsninja.testsuite.DesktopsPageTest.verifyProductArrangeInAlphabeticalOrder(DesktopsPageTest.java:46)<br />
              sun.reflect.NativeMethodAccessorImpl.invoke0(Native Method)<br />
              sun.reflect.NativeMethodAccessorImpl.invoke(NativeMethodAccessorImpl.java:62)<br />
              sun.reflect.DelegatingMethodAccessorImpl.invoke(DelegatingMethodAccessorImpl.java:43)<br />
              java.lang.reflect.Method.invoke(Method.java:498)<br />
              org.testng.internal.invokers.MethodInvocationHelper.invokeMethod(MethodInvocationHelper.java:135)<br />
              org.testng.internal.invokers.TestInvoker.invokeMethod(TestInvoker.java:673)<br />
              org.testng.internal.invokers.TestInvoker.invokeTestMethod(TestInvoker.java:220)<br />
              org.testng.internal.invokers.MethodRunner.runInSequence(MethodRunner.java:50)<br />
              org.testng.internal.invokers.TestInvoker$MethodInvocationAgent.invoke(TestInvoker.java:945)<br />
              org.testng.internal.invokers.TestInvoker.invokeTestMethods(TestInvoker.java:193)<br />
              org.testng.internal.invokers.TestMethodWorker.invokeTestMethods(TestMethodWorker.java:146)<br />
              org.testng.internal.invokers.TestMethodWorker.run(TestMethodWorker.java:128)<br />
              java.util.ArrayList.forEach(ArrayList.java:1249)<br />
              org.testng.TestRunner.privateRun(TestRunner.java:808)<br />
              org.testng.TestRunner.run(TestRunner.java:603)<br />
              org.testng.SuiteRunner.runTest(SuiteRunner.java:429)<br />
              org.testng.SuiteRunner.runSequentially(SuiteRunner.java:423)<br />
              org.testng.SuiteRunner.privateRun(SuiteRunner.java:383)<br />
              org.testng.SuiteRunner.run(SuiteRunner.java:326)<br />
              org.testng.SuiteRunnerWorker.runSuite(SuiteRunnerWorker.java:52)<br />
              org.testng.SuiteRunnerWorker.run(SuiteRunnerWorker.java:95)<br />
              org.testng.TestNG.runSuitesSequentially(TestNG.java:1249)<br />
              org.testng.TestNG.runSuitesLocally(TestNG.java:1169)<br />
              org.testng.TestNG.runSuites(TestNG.java:1092)<br />
              org.testng.TestNG.run(TestNG.java:1060)<br />
              com.intellij.rt.testng.IDEARemoteTestNG.run(IDEARemoteTestNG.java:66)<br />
              com.intellij.rt.testng.RemoteTestNGStarter.main(RemoteTestNGStarter.java:109)<br />
                </div>
      </td>
</tr>
          <tr>
        <td colspan="3" class="group">com.tutorialsninja.testsuite.LaptopsAndNotebooksPageTest</td>
      </tr>
            
<tr>
  <td class="method">
                  verifyProductsPriceDisplayHighToLowSuccessfully
      </td>
  <td class="duration">
    3.197s
  </td>
  <td class="result">
        
    
            <div class="testOutput">
                        Click on laptops and notebooks [[ChromeDriver: chrome on WINDOWS (b770599779ea6ccdc9ee8401d5569ba5)] -> link text: Laptops & Notebooks]
                                Select Show AllLaptops & Notebooks from [[[ChromeDriver: chrome on WINDOWS (b770599779ea6ccdc9ee8401d5569ba5)] -> xpath: //nav[@id='menu']//ul/li[contains(@class, 'open')]/div/child::*], [[ChromeDriver: chrome on WINDOWS (b770599779ea6ccdc9ee8401d5569ba5)] -> xpath: //nav[@id='menu']//ul/li[contains(@class, 'open')]/div/child::*]]
                                Select £ Pound Sterling from [[[ChromeDriver: chrome on WINDOWS (b770599779ea6ccdc9ee8401d5569ba5)] -> xpath: //ul[@class = 'dropdown-menu']/li], [[ChromeDriver: chrome on WINDOWS (b770599779ea6ccdc9ee8401d5569ba5)] -> xpath: //ul[@class = 'dropdown-menu']/li], [[ChromeDriver: chrome on WINDOWS (b770599779ea6ccdc9ee8401d5569ba5)] -> xpath: //ul[@class = 'dropdown-menu']/li]]
                                Get product prices[[[ChromeDriver: chrome on WINDOWS (b770599779ea6ccdc9ee8401d5569ba5)] -> xpath: //p[@class ='price']], [[ChromeDriver: chrome on WINDOWS (b770599779ea6ccdc9ee8401d5569ba5)] -> xpath: //p[@class ='price']], [[ChromeDriver: chrome on WINDOWS (b770599779ea6ccdc9ee8401d5569ba5)] -> xpath: //p[@class ='price']], [[ChromeDriver: chrome on WINDOWS (b770599779ea6ccdc9ee8401d5569ba5)] -> xpath: //p[@class ='price']], [[ChromeDriver: chrome on WINDOWS (b770599779ea6ccdc9ee8401d5569ba5)] -> xpath: //p[@class ='price']]]
                                Click to see screenshot
                                <a target = "_blank" href=C:\Users\neetg\IdeaProjects\com-tutorialsninja-sw-05/test-output/html/verifyProductsPriceDisplayHighToLowSuccessfullyTue_May_09_21_20_06_BST_2023.jpg>Screenshot</a>
                                <br>
                                <br>
                                <a target = "_blank" href=C:\Users\neetg\IdeaProjects\com-tutorialsninja-sw-05/test-output/html/verifyProductsPriceDisplayHighToLowSuccessfullyTue_May_09_21_20_06_BST_2023.jpg><img src=C:\Users\neetg\IdeaProjects\com-tutorialsninja-sw-05/test-output/html/verifyProductsPriceDisplayHighToLowSuccessfullyTue_May_09_21_20_06_BST_2023.jpg height=200 width=200></img></a>
                  </div>
    

        <a href="javascript:toggleElement('exception-1', 'block')" title="Click to expand/collapse"><b>java.lang.NumberFormatException: For input string: &quot;P LP3065&quot;</b></a><br />
    <div class="stackTrace" id="exception-1">
              sun.misc.FloatingDecimal.readJavaFormatString(FloatingDecimal.java:2043)<br />
              sun.misc.FloatingDecimal.parseDouble(FloatingDecimal.java:110)<br />
              java.lang.Double.parseDouble(Double.java:538)<br />
              java.lang.Double.valueOf(Double.java:502)<br />
              com.tutorialsninja.pages.LaptopsAndNotebooksPage.getProductsPriceList(LaptopsAndNotebooksPage.java:41)<br />
              com.tutorialsninja.testsuite.LaptopsAndNotebooksPageTest.verifyProductsPriceDisplayHighToLowSuccessfully(LaptopsAndNotebooksPageTest.java:42)<br />
              sun.reflect.NativeMethodAccessorImpl.invoke0(Native Method)<br />
              sun.reflect.NativeMethodAccessorImpl.invoke(NativeMethodAccessorImpl.java:62)<br />
              sun.reflect.DelegatingMethodAccessorImpl.invoke(DelegatingMethodAccessorImpl.java:43)<br />
              java.lang.reflect.Method.invoke(Method.java:498)<br />
              org.testng.internal.invokers.MethodInvocationHelper.invokeMethod(MethodInvocationHelper.java:135)<br />
              org.testng.internal.invokers.TestInvoker.invokeMethod(TestInvoker.java:673)<br />
              org.testng.internal.invokers.TestInvoker.invokeTestMethod(TestInvoker.java:220)<br />
              org.testng.internal.invokers.MethodRunner.runInSequence(MethodRunner.java:50)<br />
              org.testng.internal.invokers.TestInvoker$MethodInvocationAgent.invoke(TestInvoker.java:945)<br />
              org.testng.internal.invokers.TestInvoker.invokeTestMethods(TestInvoker.java:193)<br />
              org.testng.internal.invokers.TestMethodWorker.invokeTestMethods(TestMethodWorker.java:146)<br />
              org.testng.internal.invokers.TestMethodWorker.run(TestMethodWorker.java:128)<br />
              java.util.ArrayList.forEach(ArrayList.java:1249)<br />
              org.testng.TestRunner.privateRun(TestRunner.java:808)<br />
              org.testng.TestRunner.run(TestRunner.java:603)<br />
              org.testng.SuiteRunner.runTest(SuiteRunner.java:429)<br />
              org.testng.SuiteRunner.runSequentially(SuiteRunner.java:423)<br />
              org.testng.SuiteRunner.privateRun(SuiteRunner.java:383)<br />
              org.testng.SuiteRunner.run(SuiteRunner.java:326)<br />
              org.testng.SuiteRunnerWorker.runSuite(SuiteRunnerWorker.java:52)<br />
              org.testng.SuiteRunnerWorker.run(SuiteRunnerWorker.java:95)<br />
              org.testng.TestNG.runSuitesSequentially(TestNG.java:1249)<br />
              org.testng.TestNG.runSuitesLocally(TestNG.java:1169)<br />
              org.testng.TestNG.runSuites(TestNG.java:1092)<br />
              org.testng.TestNG.run(TestNG.java:1060)<br />
              com.intellij.rt.testng.IDEARemoteTestNG.run(IDEARemoteTestNG.java:66)<br />
              com.intellij.rt.testng.RemoteTestNGStarter.main(RemoteTestNGStarter.java:109)<br />
                </div>
      </td>
</tr>
      </table>


  <table class="resultsTable">
    <tr><th colspan="3" class="header passed">Passed Tests</th></tr>
          <tr>
        <td colspan="3" class="group">com.tutorialsninja.testsuite.AccountLoginPageTest</td>
      </tr>
            
<tr>
  <td class="method">
                  verifyUserShouldNavigateToLoginPageSuccessfully
      </td>
  <td class="duration">
    0.694s
  </td>
  <td class="result">
        
    
            <div class="testOutput">
                        Click on my account [[ChromeDriver: chrome on WINDOWS (669f1b05484662f89f4c26b36518aeba)] -> xpath: //span[contains(text(),'My Account')]]
                                Select Login from [[[ChromeDriver: chrome on WINDOWS (669f1b05484662f89f4c26b36518aeba)] -> xpath: //div[@id='top-links']//li[contains(@class,'open')]/ul/li], [[ChromeDriver: chrome on WINDOWS (669f1b05484662f89f4c26b36518aeba)] -> xpath: //div[@id='top-links']//li[contains(@class,'open')]/ul/li]]
                                Get heading text [[ChromeDriver: chrome on WINDOWS (669f1b05484662f89f4c26b36518aeba)] -> xpath: //div[@id='content']/div/div[2]//h2]
                  </div>
    

      </td>
</tr>
          <tr>
        <td colspan="3" class="group">com.tutorialsninja.testsuite.AccountRegisterPageTest</td>
      </tr>
            
<tr>
  <td class="method">
                  verifyUserShouldNavigateToLoginPageSuccessfully
      </td>
  <td class="duration">
    1.011s
  </td>
  <td class="result">
        
    
            <div class="testOutput">
                        Click on my account [[ChromeDriver: chrome on WINDOWS (ae602cbca8c0270f37fcd3583272e3a0)] -> xpath: //span[contains(text(),'My Account')]]
                                Select Register from [[[ChromeDriver: chrome on WINDOWS (ae602cbca8c0270f37fcd3583272e3a0)] -> xpath: //div[@id='top-links']//li[contains(@class,'open')]/ul/li], [[ChromeDriver: chrome on WINDOWS (ae602cbca8c0270f37fcd3583272e3a0)] -> xpath: //div[@id='top-links']//li[contains(@class,'open')]/ul/li]]
                                Get register text [[ChromeDriver: chrome on WINDOWS (ae602cbca8c0270f37fcd3583272e3a0)] -> xpath: //h1[contains(text(),'Register Account')]]
                  </div>
    

      </td>
</tr>
          <tr>
        <td colspan="3" class="group">com.tutorialsninja.testsuite.TopMenuTest</td>
      </tr>
            
<tr>
  <td class="method">
                  verifyUserShouldNavigateToComponentsPageSuccessfully
      </td>
  <td class="duration">
    0.902s
  </td>
  <td class="result">
        
    
            <div class="testOutput">
                        Click on components [[ChromeDriver: chrome on WINDOWS (2666d63970b122c138b9ee33ab98aa98)] -> link text: Components]
                                Select Show AllComponents from [[[ChromeDriver: chrome on WINDOWS (2666d63970b122c138b9ee33ab98aa98)] -> xpath: //nav[@id='menu']//ul/li[contains(@class, 'open')]/div/child::*], [[ChromeDriver: chrome on WINDOWS (2666d63970b122c138b9ee33ab98aa98)] -> xpath: //nav[@id='menu']//ul/li[contains(@class, 'open')]/div/child::*]]
                                Get component text [[ChromeDriver: chrome on WINDOWS (2666d63970b122c138b9ee33ab98aa98)] -> xpath: //h2[contains(text(),'Components')]]
                  </div>
    

      </td>
</tr>
<tr>
  <td class="method">
                  verifyUserShouldNavigateToDesktopsPageSuccessfully
      </td>
  <td class="duration">
    1.204s
  </td>
  <td class="result">
        
    
            <div class="testOutput">
                        Click on desktop [[ChromeDriver: chrome on WINDOWS (ba2922976df2c350f080e8b4db197ffd)] -> link text: Desktops]
                                Select Show AllDesktops from [[[ChromeDriver: chrome on WINDOWS (ba2922976df2c350f080e8b4db197ffd)] -> xpath: //nav[@id='menu']//ul/li[contains(@class, 'open')]/div/child::*], [[ChromeDriver: chrome on WINDOWS (ba2922976df2c350f080e8b4db197ffd)] -> xpath: //nav[@id='menu']//ul/li[contains(@class, 'open')]/div/child::*]]
                                Get desktop text [[ChromeDriver: chrome on WINDOWS (ba2922976df2c350f080e8b4db197ffd)] -> xpath: //h2[contains(text(),'Desktops')]]
                  </div>
    

      </td>
</tr>
<tr>
  <td class="method">
                  verifyUserShouldNavigateToLaptopsAndNotebooksPageSuccessfully
      </td>
  <td class="duration">
    0.945s
  </td>
  <td class="result">
        
    
            <div class="testOutput">
                        Click on laptops and notebooks [[ChromeDriver: chrome on WINDOWS (3be6c8c96a007038dcfbf7a4c05493a6)] -> link text: Laptops & Notebooks]
                                Select Show AllLaptops & Notebooks from [[[ChromeDriver: chrome on WINDOWS (3be6c8c96a007038dcfbf7a4c05493a6)] -> xpath: //nav[@id='menu']//ul/li[contains(@class, 'open')]/div/child::*], [[ChromeDriver: chrome on WINDOWS (3be6c8c96a007038dcfbf7a4c05493a6)] -> xpath: //nav[@id='menu']//ul/li[contains(@class, 'open')]/div/child::*]]
                                Get text [[ChromeDriver: chrome on WINDOWS (3be6c8c96a007038dcfbf7a4c05493a6)] -> xpath: //h2[contains(text(),'Laptops & Notebooks')]]
                  </div>
    

      </td>
</tr>
      </table>
  
</body>
</html>
